2019-08-16 00:33:22,647 INFO  main                             - SOFABoot HealthCheck Starting!
2019-08-16 00:33:26,996 INFO  main                             - Found 2 HealthChecker implementation:sofaModuleHealthChecker,sofaComponentHealthChecker
2019-08-16 00:33:26,998 INFO  main                             - Found 2 HealthIndicator implementation:sofaBootHealthIndicator,diskSpaceHealthIndicator
2019-08-16 00:33:26,999 INFO  main                             - Found 0 ReadinessCheckCallback implementation: 
2019-08-16 00:33:26,999 INFO  main                             - Begin SOFABoot HealthChecker readiness check.
2019-08-16 00:33:27,001 INFO  main                             - HealthChecker[sofaModuleHealthChecker] readiness check success with 0 retry.
2019-08-16 00:33:27,002 INFO  main                             - HealthChecker[sofaComponentHealthChecker] readiness check success with 0 retry.
2019-08-16 00:33:27,002 INFO  main                             - SOFABoot HealthChecker readiness check result: success.
2019-08-16 00:33:27,003 INFO  main                             - Begin SOFABoot HealthIndicator readiness check.
2019-08-16 00:33:27,006 INFO  main                             - HealthIndicator[diskSpaceHealthIndicator] readiness check success.
2019-08-16 00:33:27,006 INFO  main                             - SOFABoot HealthIndicator readiness check result: success.
2019-08-16 00:33:27,006 INFO  main                             - Begin ReadinessCheckCallback readiness check
2019-08-16 00:33:27,006 INFO  main                             - ReadinessCheckCallback readiness check result: success.
2019-08-16 00:33:27,006 INFO  main                             - Readiness check result: success
2019-08-16 00:33:28,362 INFO  RMI TCP Connection(4)-169.254.196.86 - Begin SOFABoot HealthChecker liveness check.
2019-08-16 00:33:28,362 INFO  RMI TCP Connection(4)-169.254.196.86 - HealthChecker[sofaModuleHealthChecker] liveness check success with 0 retry.
2019-08-16 00:33:28,362 INFO  RMI TCP Connection(4)-169.254.196.86 - HealthChecker[sofaComponentHealthChecker] liveness check success with 0 retry.
2019-08-16 00:33:28,362 INFO  RMI TCP Connection(4)-169.254.196.86 - SOFABoot HealthChecker liveness check result: success.
2019-08-16 00:53:28,416 INFO  main                             - SOFABoot HealthCheck Starting!
2019-08-16 00:55:04,422 INFO  main                             - SOFABoot HealthCheck Starting!
2019-08-16 00:55:22,060 INFO  main                             - SOFABoot HealthCheck Starting!
2019-08-16 00:55:42,430 INFO  main                             - SOFABoot HealthCheck Starting!
2019-08-16 00:56:59,195 INFO  main                             - SOFABoot HealthCheck Starting!
2019-08-16 00:57:27,533 INFO  main                             - SOFABoot HealthCheck Starting!
